D:\FILE_POST\APPPLAT\APPSERVER\DEBUG\CONTROL.OBJ
D:\FILE_POST\APPPLAT\APPSERVER\DEBUG\MYDAO.OBJ
D:\FILE_POST\APPPLAT\APPSERVER\DEBUG\FILEOPR.OBJ
D:\FILE_POST\APPPLAT\APPSERVER\DEBUG\CKERNEL.OBJ
D:\FILE_POST\APPPLAT\APPSERVER\DEBUG\TCPNET.OBJ
D:\FILE_POST\APPPLAT\APPSERVER\DEBUG\UDPNET.OBJ
D:\FILE_POST\APPPLAT\APPSERVER\DEBUG\PROJECT.OBJ
D:\FILE_POST\APPPLAT\APPSERVER\DEBUG\VC110.PDB
D:\file_post\AppPlat\AppServer\Debug\CKernel.obj
D:\file_post\AppPlat\AppServer\Debug\Control.obj
D:\file_post\AppPlat\AppServer\Debug\FileOpr.obj
D:\file_post\AppPlat\AppServer\Debug\MyDao.obj
D:\file_post\AppPlat\AppServer\Debug\Project.obj
D:\file_post\AppPlat\AppServer\Debug\Tcpnet.obj
D:\file_post\AppPlat\AppServer\Debug\Udpnet.obj
D:\file_post\AppPlat\AppServer\Debug\msado15.tli
D:\file_post\AppPlat\AppServer\Debug\msado15.tlh
D:\file_post\AppPlat\AppServer\Debug\cl.command.1.tlog
D:\file_post\AppPlat\AppServer\Debug\CL.read.1.tlog
D:\file_post\AppPlat\AppServer\Debug\CL.write.1.tlog
D:\file_post\AppPlat\AppServer\Debug\vc110.idb
D:\file_post\AppPlat\AppServer\Debug\vc110.pdb
